[14:50:45] [ServerMain/INFO]: Building unoptimized datafixer
[14:50:46] [ServerMain/INFO]: Environment: authHost='https://authserver.mojang.com', accountsHost='https://api.mojang.com', sessionHost='https://sessionserver.mojang.com', servicesHost='https://api.minecraftservices.com', name='PROD'
[14:50:46] [ServerMain/INFO]: Found new data pack file/bukkit, loading it automatically
[14:50:47] [ServerMain/INFO]: Loaded 7 recipes
[14:50:47] [ServerMain/INFO]: Loaded 1179 advancements
[14:50:48] [Server thread/INFO]: Starting minecraft server version 1.19.3
[14:50:48] [Server thread/INFO]: Loading properties
[14:50:48] [Server thread/INFO]: Default game type: SURVIVAL
[14:50:48] [Server thread/INFO]: Generating keypair
[14:50:48] [Server thread/INFO]: Starting Minecraft server on *:25565
[14:50:48] [Server thread/INFO]: Using epoll channel type
[14:50:48] [Server thread/INFO]: Preparing level "world"
[14:50:50] [Server thread/INFO]: Preparing start region for dimension minecraft:overworld
[14:50:52] [Worker-Main-4/INFO]: Preparing spawn area: 0%
[14:50:52] [Worker-Main-4/INFO]: Preparing spawn area: 0%
[14:50:52] [Worker-Main-4/INFO]: Preparing spawn area: 0%
[14:50:52] [Worker-Main-4/INFO]: Preparing spawn area: 0%
[14:50:52] [Worker-Main-4/INFO]: Preparing spawn area: 0%
[14:50:52] [Worker-Main-4/INFO]: Preparing spawn area: 0%
[14:50:53] [Worker-Main-3/INFO]: Preparing spawn area: 0%
[14:50:53] [Worker-Main-3/INFO]: Preparing spawn area: 0%
[14:50:54] [Worker-Main-4/INFO]: Preparing spawn area: 0%
[14:50:54] [Worker-Main-5/INFO]: Preparing spawn area: 0%
[14:50:55] [Worker-Main-3/INFO]: Preparing spawn area: 0%
[14:50:55] [Worker-Main-4/INFO]: Preparing spawn area: 0%
[14:50:56] [Worker-Main-2/INFO]: Preparing spawn area: 0%
[14:50:56] [Worker-Main-2/INFO]: Preparing spawn area: 0%
[14:50:57] [Worker-Main-5/INFO]: Preparing spawn area: 64%
[14:50:57] [Server thread/INFO]: Time elapsed: 7245 ms
[14:50:57] [Server thread/INFO]: Done (8.539s)! For help, type "help"
[14:50:57] [Server thread/INFO]: Starting remote control listener
[14:50:57] [Server thread/INFO]: Thread RCON Listener started
[14:50:57] [Server thread/INFO]: RCON running on 0.0.0.0:25575
[14:51:01] [User Authenticator #1/INFO]: UUID of player 19vincent98 is 1cceba19-f22a-4f70-aa0f-f468d5e741a3
[14:51:02] [Server thread/INFO]: 19vincent98[/172.22.0.1:56792] logged in with entity id 40 at (745.0300420621761, 84.9065848841569, -1015.3147069468602)
[14:51:02] [Server thread/INFO]: 19vincent98 joined the game
[14:51:05] [Server thread/WARN]: Can't keep up! Is the server overloaded? Running 3707ms or 74 ticks behind
[14:51:40] [Server thread/INFO]: [19vincent98: Set own game mode to Adventure Mode]
[14:51:48] [Server thread/INFO]: [19vincent98: Set own game mode to Creative Mode]
[14:52:51] [Server thread/INFO]: 19vincent98 lost connection: Disconnected
[14:52:51] [Server thread/INFO]: 19vincent98 left the game
